<?xml version="1.0" encoding="UTF-8"?>
<testng-results ignored="0" total="2" passed="2" failed="0" skipped="0">
  <reporter-output>
  </reporter-output>
  <suite started-at="2022-04-19T19:12:02 IST" name="Default suite" finished-at="2022-04-19T19:12:02 IST" duration-ms="44">
    <groups>
    </groups>
    <test started-at="2022-04-19T19:12:02 IST" name="Default test" finished-at="2022-04-19T19:12:02 IST" duration-ms="44">
      <class name="Maven.project.REstAssured">
        <test-method signature="DeleteTwitter()[pri:0, instance:Maven.project.REstAssured@37d4349f]" started-at="2022-04-19T19:12:02 IST" name="DeleteTwitter" finished-at="2022-04-19T19:12:02 IST" duration-ms="10" status="PASS">
          <reporter-output>
          </reporter-output>
        </test-method> <!-- DeleteTwitter -->
        <test-method signature="PostJIRA()[pri:0, instance:Maven.project.REstAssured@37d4349f]" started-at="2022-04-19T19:12:02 IST" name="PostJIRA" finished-at="2022-04-19T19:12:02 IST" duration-ms="1" status="PASS">
          <reporter-output>
          </reporter-output>
        </test-method> <!-- PostJIRA -->
      </class> <!-- Maven.project.REstAssured -->
    </test> <!-- Default test -->
  </suite> <!-- Default suite -->
</testng-results>
